[] 
[] STARTING OS
[] 
[INFO] Starting task 'semver'
[SUCCESS] Successfully executed task 'semver'
[INFO] Starting task 'inspect'
[SUCCESS] Successfully executed task 'inspect'
[INFO] Starting task 'JSON'
[SUCCESS] Successfully executed task 'JSON'
[INFO] Starting task 'Config'
[SUCCESS] Successfully executed task 'Config'
[INFO] Starting task 'cron'
[SUCCESS] Successfully executed task 'cron'
[INFO] Starting task 'SHA'
[SUCCESS] Successfully executed task 'SHA'
[INFO] Starting task 'switch'
[SUCCESS] Successfully executed task 'switch'
[INFO] Starting task 'FS-sanboxed shell'
[INFO] Starting task 'semver'
[SUCCESS] Successfully executed task 'semver'
[INFO] Starting task 'inspect'
[SUCCESS] Successfully executed task 'inspect'
[INFO] Starting task 'JSON'
[SUCCESS] Successfully executed task 'JSON'
[INFO] Starting task 'Config'
[SUCCESS] Successfully executed task 'Config'
[INFO] Starting task 'cron'
[SUCCESS] Successfully executed task 'cron'
[INFO] Starting task 'SHA'
[SUCCESS] Successfully executed task 'SHA'
[INFO] Starting task 'switch'
[SUCCESS] Successfully executed task 'switch'
[] 
[] STARTING OS
[] 
[INFO] Starting task 'semver'
[SUCCESS] Successfully executed task 'semver'
[INFO] Starting task 'inspect'
[SUCCESS] Successfully executed task 'inspect'
[INFO] Starting task 'JSON'
[SUCCESS] Successfully executed task 'JSON'
[INFO] Starting task 'Config'
[SUCCESS] Successfully executed task 'Config'
[INFO] Starting task 'cron'
[SUCCESS] Successfully executed task 'cron'
[INFO] Starting task 'SHA'
[SUCCESS] Successfully executed task 'SHA'
[INFO] Starting task 'switch'
[SUCCESS] Successfully executed task 'switch'
[INFO] Starting task 'FS-sanboxed shell'
[INFO] Starting task 'semver'
[SUCCESS] Successfully executed task 'semver'
[INFO] Starting task 'inspect'
[SUCCESS] Successfully executed task 'inspect'
[INFO] Starting task 'JSON'
[SUCCESS] Successfully executed task 'JSON'
[INFO] Starting task 'Config'
[SUCCESS] Successfully executed task 'Config'
[INFO] Starting task 'cron'
[SUCCESS] Successfully executed task 'cron'
[INFO] Starting task 'SHA'
[SUCCESS] Successfully executed task 'SHA'
[INFO] Starting task 'switch'
[SUCCESS] Successfully executed task 'switch'
[] 
[] STARTING OS
[] 
[INFO] Starting task 'semver'
[SUCCESS] Successfully executed task 'semver'
[INFO] Starting task 'inspect'
[SUCCESS] Successfully executed task 'inspect'
[INFO] Starting task 'JSON'
[SUCCESS] Successfully executed task 'JSON'
[INFO] Starting task 'Config'
[SUCCESS] Successfully executed task 'Config'
[INFO] Starting task 'cron'
[SUCCESS] Successfully executed task 'cron'
[INFO] Starting task 'SHA'
[SUCCESS] Successfully executed task 'SHA'
[INFO] Starting task 'switch'
[SUCCESS] Successfully executed task 'switch'
[INFO] Starting task 'FS-sanboxed shell'
[INFO] Starting task 'semver'
[SUCCESS] Successfully executed task 'semver'
[INFO] Starting task 'inspect'
[SUCCESS] Successfully executed task 'inspect'
[INFO] Starting task 'JSON'
[SUCCESS] Successfully executed task 'JSON'
[INFO] Starting task 'Config'
[SUCCESS] Successfully executed task 'Config'
[INFO] Starting task 'cron'
[SUCCESS] Successfully executed task 'cron'
[INFO] Starting task 'SHA'
[SUCCESS] Successfully executed task 'SHA'
[INFO] Starting task 'switch'
[SUCCESS] Successfully executed task 'switch'
[] 
[] STARTING OS
[] 
[INFO] Starting task 'semver'
[SUCCESS] Successfully executed task 'semver'
[INFO] Starting task 'inspect'
[SUCCESS] Successfully executed task 'inspect'
[INFO] Starting task 'JSON'
[SUCCESS] Successfully executed task 'JSON'
[INFO] Starting task 'Config'
[SUCCESS] Successfully executed task 'Config'
[INFO] Starting task 'cron'
[SUCCESS] Successfully executed task 'cron'
[INFO] Starting task 'SHA'
[SUCCESS] Successfully executed task 'SHA'
[INFO] Starting task 'switch'
[SUCCESS] Successfully executed task 'switch'
[INFO] Starting task 'FS-sanboxed shell'
[INFO] Starting task 'semver'
[SUCCESS] Successfully executed task 'semver'
[INFO] Starting task 'inspect'
[SUCCESS] Successfully executed task 'inspect'
[INFO] Starting task 'JSON'
[SUCCESS] Successfully executed task 'JSON'
[INFO] Starting task 'Config'
[SUCCESS] Successfully executed task 'Config'
[INFO] Starting task 'cron'
[SUCCESS] Successfully executed task 'cron'
[INFO] Starting task 'SHA'
[SUCCESS] Successfully executed task 'SHA'
[INFO] Starting task 'switch'
[SUCCESS] Successfully executed task 'switch'
[] 
[] STARTING OS
[] 
[INFO] Starting task 'semver'
[SUCCESS] Successfully executed task 'semver'
[INFO] Starting task 'inspect'
[SUCCESS] Successfully executed task 'inspect'
[INFO] Starting task 'JSON'
[SUCCESS] Successfully executed task 'JSON'
[INFO] Starting task 'Config'
[SUCCESS] Successfully executed task 'Config'
[INFO] Starting task 'cron'
[SUCCESS] Successfully executed task 'cron'
[INFO] Starting task 'SHA'
[SUCCESS] Successfully executed task 'SHA'
[INFO] Starting task 'switch'
[SUCCESS] Successfully executed task 'switch'
[INFO] Starting task 'FS-sanboxed shell'
[INFO] Starting task 'semver'
[SUCCESS] Successfully executed task 'semver'
[INFO] Starting task 'inspect'
[SUCCESS] Successfully executed task 'inspect'
[INFO] Starting task 'JSON'
[SUCCESS] Successfully executed task 'JSON'
[INFO] Starting task 'Config'
[SUCCESS] Successfully executed task 'Config'
[INFO] Starting task 'cron'
[SUCCESS] Successfully executed task 'cron'
[INFO] Starting task 'SHA'
[SUCCESS] Successfully executed task 'SHA'
[INFO] Starting task 'switch'
[SUCCESS] Successfully executed task 'switch'
[] 
[] STARTING OS
[] 
[INFO] Starting task 'semver'
[SUCCESS] Successfully executed task 'semver'
[INFO] Starting task 'inspect'
[SUCCESS] Successfully executed task 'inspect'
[INFO] Starting task 'JSON'
[SUCCESS] Successfully executed task 'JSON'
[INFO] Starting task 'Config'
[SUCCESS] Successfully executed task 'Config'
[INFO] Starting task 'cron'
[SUCCESS] Successfully executed task 'cron'
[INFO] Starting task 'SHA'
[SUCCESS] Successfully executed task 'SHA'
[INFO] Starting task 'switch'
[SUCCESS] Successfully executed task 'switch'
[INFO] Starting task 'FS-sanboxed shell'
[INFO] Starting task 'semver'
[SUCCESS] Successfully executed task 'semver'
[INFO] Starting task 'inspect'
[SUCCESS] Successfully executed task 'inspect'
[INFO] Starting task 'JSON'
[SUCCESS] Successfully executed task 'JSON'
[INFO] Starting task 'Config'
[SUCCESS] Successfully executed task 'Config'
[INFO] Starting task 'cron'
[SUCCESS] Successfully executed task 'cron'
[INFO] Starting task 'SHA'
[SUCCESS] Successfully executed task 'SHA'
[INFO] Starting task 'switch'
[SUCCESS] Successfully executed task 'switch'
[] 
[] STARTING OS
[] 
[INFO] Starting task 'semver'
[SUCCESS] Successfully executed task 'semver'
[INFO] Starting task 'inspect'
[SUCCESS] Successfully executed task 'inspect'
[INFO] Starting task 'JSON'
[SUCCESS] Successfully executed task 'JSON'
[INFO] Starting task 'Config'
[SUCCESS] Successfully executed task 'Config'
[INFO] Starting task 'cron'
[SUCCESS] Successfully executed task 'cron'
[INFO] Starting task 'SHA'
[SUCCESS] Successfully executed task 'SHA'
[INFO] Starting task 'switch'
[SUCCESS] Successfully executed task 'switch'
[INFO] Starting task 'FS-sanboxed shell'
[INFO] Starting task 'semver'
[SUCCESS] Successfully executed task 'semver'
[INFO] Starting task 'inspect'
[SUCCESS] Successfully executed task 'inspect'
[INFO] Starting task 'JSON'
[SUCCESS] Successfully executed task 'JSON'
[INFO] Starting task 'Config'
[SUCCESS] Successfully executed task 'Config'
[INFO] Starting task 'cron'
[SUCCESS] Successfully executed task 'cron'
[INFO] Starting task 'SHA'
[SUCCESS] Successfully executed task 'SHA'
[INFO] Starting task 'switch'
[SUCCESS] Successfully executed task 'switch'
[SUCCESS] Successfully executed task 'FS-sanboxed shell'
[] 
[] STARTING OS
[] 
[INFO] Starting task 'semver'
[SUCCESS] Successfully executed task 'semver'
[INFO] Starting task 'inspect'
[SUCCESS] Successfully executed task 'inspect'
[INFO] Starting task 'JSON'
[SUCCESS] Successfully executed task 'JSON'
[INFO] Starting task 'Config'
[SUCCESS] Successfully executed task 'Config'
[INFO] Starting task 'cron'
[SUCCESS] Successfully executed task 'cron'
[INFO] Starting task 'SHA'
[SUCCESS] Successfully executed task 'SHA'
[INFO] Starting task 'switch'
[SUCCESS] Successfully executed task 'switch'
[INFO] Starting task 'FS-sanboxed shell'
[INFO] Starting task 'semver'
[SUCCESS] Successfully executed task 'semver'
[INFO] Starting task 'inspect'
[SUCCESS] Successfully executed task 'inspect'
[INFO] Starting task 'JSON'
[SUCCESS] Successfully executed task 'JSON'
[INFO] Starting task 'Config'
[SUCCESS] Successfully executed task 'Config'
[INFO] Starting task 'cron'
[SUCCESS] Successfully executed task 'cron'
[INFO] Starting task 'SHA'
[SUCCESS] Successfully executed task 'SHA'
[INFO] Starting task 'switch'
[SUCCESS] Successfully executed task 'switch'
[SUCCESS] Successfully executed task 'FS-sanboxed shell'
