[] 
[] STARTING OS
[] 
[INFO] Starting task 'semver'
[SUCCESS] Successfully executed task 'semver'
[INFO] Starting task 'inspect'
[SUCCESS] Successfully executed task 'inspect'
[INFO] Starting task 'JSON'
[SUCCESS] Successfully executed task 'JSON'
[INFO] Starting task 'Config'
[SUCCESS] Successfully executed task 'Config'
[INFO] Starting task 'cron'
[SUCCESS] Successfully executed task 'cron'
[INFO] Starting task 'SHA'
[SUCCESS] Successfully executed task 'SHA'
[INFO] Starting task 'switch'
[SUCCESS] Successfully executed task 'switch'
[INFO] Starting task 'Sandbox'
[SUCCESS] Successfully executed task 'Sandbox'
[INFO] Starting task 'Sandbox Shell'
[ERROR] Error while executing task 'Sandbox Shell' >> :1: File doesn't exist
[] 
[] STARTING OS
[] 
[INFO] Starting task 'semver'
[SUCCESS] Successfully executed task 'semver'
[INFO] Starting task 'inspect'
[SUCCESS] Successfully executed task 'inspect'
[INFO] Starting task 'JSON'
[SUCCESS] Successfully executed task 'JSON'
[INFO] Starting task 'Config'
[SUCCESS] Successfully executed task 'Config'
[INFO] Starting task 'cron'
[SUCCESS] Successfully executed task 'cron'
[INFO] Starting task 'SHA'
[SUCCESS] Successfully executed task 'SHA'
[INFO] Starting task 'switch'
[SUCCESS] Successfully executed task 'switch'
[INFO] Starting task 'Sandbox'
[SUCCESS] Successfully executed task 'Sandbox'
[INFO] Starting task 'Sandbox Shell'
[ERROR] Error while executing task 'Sandbox Shell' >> :1: Folder doesn't exist
[] 
[] STARTING OS
[] 
[INFO] Starting task 'semver'
[SUCCESS] Successfully executed task 'semver'
[INFO] Starting task 'inspect'
[SUCCESS] Successfully executed task 'inspect'
[INFO] Starting task 'JSON'
[SUCCESS] Successfully executed task 'JSON'
[INFO] Starting task 'Config'
[SUCCESS] Successfully executed task 'Config'
[INFO] Starting task 'cron'
[SUCCESS] Successfully executed task 'cron'
[INFO] Starting task 'SHA'
[SUCCESS] Successfully executed task 'SHA'
[INFO] Starting task 'switch'
[SUCCESS] Successfully executed task 'switch'
[INFO] Starting task 'Sandbox'
[SUCCESS] Successfully executed task 'Sandbox'
[INFO] Starting task 'Sandbox Shell'
[ERROR] Error while executing task 'Sandbox Shell' >> sandbox.lua:71: attempt to call nil
[] 
[] STARTING OS
[] 
[INFO] Starting task 'semver'
[SUCCESS] Successfully executed task 'semver'
[INFO] Starting task 'inspect'
[SUCCESS] Successfully executed task 'inspect'
[INFO] Starting task 'JSON'
[SUCCESS] Successfully executed task 'JSON'
[INFO] Starting task 'Config'
[SUCCESS] Successfully executed task 'Config'
[INFO] Starting task 'cron'
[SUCCESS] Successfully executed task 'cron'
[INFO] Starting task 'SHA'
[SUCCESS] Successfully executed task 'SHA'
[INFO] Starting task 'switch'
[SUCCESS] Successfully executed task 'switch'
[INFO] Starting task 'Sandbox'
[SUCCESS] Successfully executed task 'Sandbox'
[INFO] Starting task 'Sandbox Shell'
[] 
[] STARTING OS
[] 
[INFO] Starting task 'semver'
[SUCCESS] Successfully executed task 'semver'
[INFO] Starting task 'inspect'
[SUCCESS] Successfully executed task 'inspect'
[INFO] Starting task 'JSON'
[SUCCESS] Successfully executed task 'JSON'
[INFO] Starting task 'Config'
[SUCCESS] Successfully executed task 'Config'
[INFO] Starting task 'cron'
[SUCCESS] Successfully executed task 'cron'
[INFO] Starting task 'SHA'
[SUCCESS] Successfully executed task 'SHA'
[INFO] Starting task 'switch'
[SUCCESS] Successfully executed task 'switch'
[INFO] Starting task 'Sandbox'
[SUCCESS] Successfully executed task 'Sandbox'
[INFO] Starting task 'Sandbox Shell'
[] 
[] STARTING OS
[] 
[INFO] Starting task 'semver'
[SUCCESS] Successfully executed task 'semver'
[INFO] Starting task 'inspect'
[SUCCESS] Successfully executed task 'inspect'
[INFO] Starting task 'JSON'
[SUCCESS] Successfully executed task 'JSON'
[INFO] Starting task 'Config'
[SUCCESS] Successfully executed task 'Config'
[INFO] Starting task 'cron'
[SUCCESS] Successfully executed task 'cron'
[INFO] Starting task 'SHA'
[SUCCESS] Successfully executed task 'SHA'
[INFO] Starting task 'switch'
[SUCCESS] Successfully executed task 'switch'
[INFO] Starting task 'Sandbox'
[SUCCESS] Successfully executed task 'Sandbox'
[INFO] Starting task 'Sandbox Shell'
[] 
[] STARTING OS
[] 
[INFO] Starting task 'semver'
[SUCCESS] Successfully executed task 'semver'
[INFO] Starting task 'inspect'
[SUCCESS] Successfully executed task 'inspect'
[INFO] Starting task 'JSON'
[SUCCESS] Successfully executed task 'JSON'
[INFO] Starting task 'Config'
[SUCCESS] Successfully executed task 'Config'
[INFO] Starting task 'cron'
[SUCCESS] Successfully executed task 'cron'
[INFO] Starting task 'SHA'
[SUCCESS] Successfully executed task 'SHA'
[INFO] Starting task 'switch'
[SUCCESS] Successfully executed task 'switch'
[INFO] Starting task 'Sandbox'
[SUCCESS] Successfully executed task 'Sandbox'
[INFO] Starting task 'Sandbox Shell'
